In file included from /home/vicenterey/esp/projects_tf/model/person_detection/components/espressif__esp-tflite-micro/tensorflow/lite/micro/tflite_bridge/flatbuffer_conversions_bridge.h:19,
                 from /home/vicenterey/esp/projects_tf/model/person_detection/components/espressif__esp-tflite-micro/tensorflow/lite/micro/micro_allocator.h:26,
                 from /home/vicenterey/esp/projects_tf/model/person_detection/components/espressif__esp-tflite-micro/tensorflow/lite/micro/micro_interpreter.h:26,
                 from /home/vicenterey/esp/projects_tf/model/person_detection/main/image_provider.cc:6:
/home/vicenterey/esp/projects_tf/model/person_detection/components/espressif__esp-tflite-micro/tensorflow/lite/core/api/flatbuffer_conversions.h: In member function 'T* tflite::BuiltinDataAllocator::AllocatePOD()':
/home/vicenterey/esp/projects_tf/model/person_detection/components/espressif__esp-tflite-micro/tensorflow/lite/core/api/flatbuffer_conversions.h:46:24: warning: 'template<class _Tp> struct std::is_pod' is deprecated: use 'is_standard_layout && is_trivial' instead [-Wdeprecated-declarations]
   46 |     static_assert(std::is_pod<T>::value, "Builtin data structure must be POD.");
      |                        ^~~~~~
In file included from /home/vicenterey/esp/idf-tools/tools/xtensa-esp-elf/esp-13.2.0_20240305/xtensa-esp-elf/xtensa-esp-elf/include/c++/13.2.0/bits/stl_pair.h:60,
                 from /home/vicenterey/esp/idf-tools/tools/xtensa-esp-elf/esp-13.2.0_20240305/xtensa-esp-elf/xtensa-esp-elf/include/c++/13.2.0/utility:69,
                 from /home/vicenterey/esp/projects_tf/model/person_detection/components/espressif__esp-tflite-micro/tensorflow/lite/core/c/common.h:1463,
                 from /home/vicenterey/esp/projects_tf/model/person_detection/components/espressif__esp-tflite-micro/tensorflow/lite/c/common.h:31,
                 from /home/vicenterey/esp/projects_tf/model/person_detection/main/detection_responder.h:4,
                 from /home/vicenterey/esp/projects_tf/model/person_detection/main/image_provider.cc:2:
/home/vicenterey/esp/idf-tools/tools/xtensa-esp-elf/esp-13.2.0_20240305/xtensa-esp-elf/xtensa-esp-elf/include/c++/13.2.0/type_traits:819:5: note: declared here
  819 |     is_pod
      |     ^~~~~~
/home/vicenterey/esp/idf-tools/tools/xtensa-esp-elf/esp-13.2.0_20240305/xtensa-esp-elf/bin/../lib/gcc/xtensa-esp-elf/13.2.0/../../../../xtensa-esp-elf/bin/ld: esp-idf/main/libmain.a(main_functions.cc.obj):(.literal.setup+0x8c): undefined reference to `_Z10InitCamerav'
/home/vicenterey/esp/idf-tools/tools/xtensa-esp-elf/esp-13.2.0_20240305/xtensa-esp-elf/bin/../lib/gcc/xtensa-esp-elf/13.2.0/../../../../xtensa-esp-elf/bin/ld: esp-idf/main/libmain.a(main_functions.cc.obj):(.literal.loop+0x10): undefined reference to `_Z8GetImageiiiPf'
/home/vicenterey/esp/idf-tools/tools/xtensa-esp-elf/esp-13.2.0_20240305/xtensa-esp-elf/bin/../lib/gcc/xtensa-esp-elf/13.2.0/../../../../xtensa-esp-elf/bin/ld: esp-idf/main/libmain.a(main_functions.cc.obj): in function `_ZN6tflite22MicroMutableOpResolverILj7EE10AddBuiltinENS_15BuiltinOperatorERK16TFLMRegistrationPF12TfLiteStatusPKNS_8OperatorEPNS_13ErrorReporterEPNS_20BuiltinDataAllocatorEPPvE':
/home/vicenterey/esp/projects_tf/model/person_detection/components/espressif__esp-tflite-micro/tensorflow/lite/micro/micro_mutable_op_resolver.h:677:(.text.setup+0x4d5): undefined reference to `_Z10InitCamerav'
/home/vicenterey/esp/idf-tools/tools/xtensa-esp-elf/esp-13.2.0_20240305/xtensa-esp-elf/bin/../lib/gcc/xtensa-esp-elf/13.2.0/../../../../xtensa-esp-elf/bin/ld: esp-idf/main/libmain.a(main_functions.cc.obj): in function `loop':
/home/vicenterey/esp/projects_tf/model/person_detection/main/main_functions.cc:86:(.text.loop+0x53): undefined reference to `_Z8GetImageiiiPf'
collect2: error: ld returned 1 exit status
make[3]: *** [CMakeFiles/person_detection.elf.dir/build.make:590: person_detection.elf] Error 1
make[2]: *** [CMakeFiles/Makefile2:2572: CMakeFiles/person_detection.elf.dir/all] Error 2
make[1]: *** [CMakeFiles/Makefile2:2473: CMakeFiles/flash.dir/rule] Error 2
make: *** [Makefile:299: flash] Error 2
